<?xml version="1.0" encoding="UTF-8"?>
<!-- Generated by org.testng.reporters.JUnitReportReporter -->
<testsuite hostname="Ayas-MacBook-Pro.local" failures="0" tests="11" name="TestCases" time="35.183" errors="0" timestamp="2024-06-29T10:46:28 EET" skipped="0">
  <testcase classname="TestCases" name="language" time="0.080"/>
  <testcase classname="TestCases" name="currency" time="0.054"/>
  <testcase classname="TestCases" name="contactNumber" time="0.042"/>
  <testcase classname="TestCases" name="qitafLogoPresence" time="0.219"/>
  <testcase classname="TestCases" name="hotelSearchTab" time="0.041"/>
  <testcase classname="TestCases" name="flightDates" time="0.087"/>
  <testcase classname="TestCases" name="changeLangRandomly" time="1.458"/>
  <testcase classname="TestCases" name="hotelTabSelection" time="2.218"/>
  <testcase classname="TestCases" name="noOfPeople" time="6.995"/>
  <testcase classname="TestCases" name="waitForLoading" time="18.108"/>
  <testcase classname="TestCases" name="sort" time="5.881"/>
</testsuite> <!-- TestCases -->
