<?xml version="1.0" encoding="UTF-8"?>
<!-- Generated by org.testng.reporters.JUnitReportReporter -->
<testsuite hostname="Ayas-MacBook-Pro.local" failures="0" tests="11" name="TestCases" time="23.244" errors="0" timestamp="2024-06-29T11:20:07 EET" skipped="0">
  <testcase classname="TestCases" name="language" time="0.069"/>
  <testcase classname="TestCases" name="currency" time="0.048"/>
  <testcase classname="TestCases" name="contactNumber" time="0.034"/>
  <testcase classname="TestCases" name="qitafLogoPresence" time="0.302"/>
  <testcase classname="TestCases" name="hotelSearchTab" time="0.050"/>
  <testcase classname="TestCases" name="flightDates" time="0.888"/>
  <testcase classname="TestCases" name="changeLangRandomly" time="0.990"/>
  <testcase classname="TestCases" name="hotelTabSelection" time="1.485"/>
  <testcase classname="TestCases" name="noOfPeople" time="6.003"/>
  <testcase classname="TestCases" name="waitForLoading" time="9.510"/>
  <testcase classname="TestCases" name="sort" time="3.865"/>
</testsuite> <!-- TestCases -->
