<?xml version="1.0" encoding="UTF-8"?>
<!-- Generated by org.testng.reporters.JUnitReportReporter -->
<testsuite hostname="Ayas-MacBook-Pro.local" failures="0" tests="11" name="TestCases" time="28.848" errors="0" timestamp="2024-07-12T19:08:27 EET" skipped="0">
  <testcase classname="TestCases" name="language" time="0.058"/>
  <testcase classname="TestCases" name="currency" time="0.047"/>
  <testcase classname="TestCases" name="contactNumber" time="0.135"/>
  <testcase classname="TestCases" name="qitafLogoPresence" time="0.096"/>
  <testcase classname="TestCases" name="hotelSearchTab" time="0.041"/>
  <testcase classname="TestCases" name="flightDates" time="0.079"/>
  <testcase classname="TestCases" name="changeLangRandomly" time="1.249"/>
  <testcase classname="TestCases" name="hotelTabSelection" time="1.414"/>
  <testcase classname="TestCases" name="noOfPeople" time="4.969"/>
  <testcase classname="TestCases" name="waitForLoading" time="16.548"/>
  <testcase classname="TestCases" name="sort" time="4.212"/>
</testsuite> <!-- TestCases -->
